<?xml version="1.0" encoding="UTF-8"?>
<testsuite xmlns:xsi="http://www.w3.org/2001/XMLSchema-instance" xsi:noNamespaceSchemaLocation="https://maven.apache.org/surefire/maven-surefire-plugin/xsd/surefire-test-report.xsd" name="ru.yandex.practicum.filmorate.EventIntegrationTest" time="5.611" tests="2" errors="0" skipped="0" failures="0">
  <properties>
[...]
</properties>
  <testcase name="testGetEventEmpty" classname="ru.yandex.practicum.filmorate.EventIntegrationTest" time="0.554"/>
  <testcase name="testGetEventWithEvents" classname="ru.yandex.practicum.filmorate.EventIntegrationTest" time="0.011"/>
</testsuite>