<?xml version="1.0" encoding="UTF-8"?>
<testsuite xmlns:xsi="http://www.w3.org/2001/XMLSchema-instance" xsi:noNamespaceSchemaLocation="https://maven.apache.org/surefire/maven-surefire-plugin/xsd/surefire-test-report.xsd" name="ru.yandex.practicum.filmorate.MostPopularIntegrationTest" time="0.385" tests="4" errors="0" skipped="0" failures="4">
  <properties>
[...]
</properties>
  <testcase name="findMostPopularsByGenreAndYearTest" classname="ru.yandex.practicum.filmorate.MostPopularIntegrationTest" time="0.139">
    <failure message="expected: &lt;[Film(id=2, name=Фильм2, description=Описание2, releaseDate=2000-12-28, duration=100, likes=[1], genres=[Genre(id=1, name=Комедия)], directors=[], mpa=Rating(id=1, name=), idD=0)]&gt; but was: &lt;[Film(id=2, name=Фильм2, description=Описание2, releaseDate=2000-12-28, duration=100, likes=[], genres=[Genre(id=1, name=Комедия)], directors=null, mpa=Rating(id=1, name=), idD=0), Film(id=1, name=Фильм1, description=Описание1, releaseDate=1995-12-28, duration=50, likes=[], genres=[Genre(id=1, name=Комедия)], directors=null, mpa=Rating(id=1, name=), idD=0)]&gt;" type="org.opentest4j.AssertionFailedError"><![CDATA[org.opentest4j.AssertionFailedError: expected: <[Film(id=2, name=Фильм2, description=Описание2, releaseDate=2000-12-28, duration=100, likes=[1], genres=[Genre(id=1, name=Комедия)], directors=[], mpa=Rating(id=1, name=), idD=0)]> but was: <[Film(id=2, name=Фильм2, description=Описание2, releaseDate=2000-12-28, duration=100, likes=[], genres=[Genre(id=1, name=Комедия)], directors=null, mpa=Rating(id=1, name=), idD=0), Film(id=1, name=Фильм1, description=Описание1, releaseDate=1995-12-28, duration=50, likes=[], genres=[Genre(id=1, name=Комедия)], directors=null, mpa=Rating(id=1, name=), idD=0)]>
	at ru.yandex.practicum.filmorate.MostPopularIntegrationTest.findMostPopularsByGenreAndYearTest(MostPopularIntegrationTest.java:130)
]]></failure>
    <system-out><![CDATA[&amp#27;[2m2023-06-02 05:41:35.573&amp#27;[0;39m &amp#27;[32m INFO&amp#27;[0;39m &amp#27;[35m3908&amp#27;[0;39m &amp#27;[2m---&amp#27;[0;39m &amp#27;[2m[           main]&amp#27;[0;39m &amp#27;[36m.b.t.c.SpringBootTestContextBootstrapper&amp#27;[0;39m &amp#27;[2m:&amp#27;[0;39m Neither @ContextConfiguration nor @ContextHierarchy found for test class [ru.yandex.practicum.filmorate.MostPopularIntegrationTest], using SpringBootContextLoader
&amp#27;[2m2023-06-02 05:41:35.574&amp#27;[0;39m &amp#27;[32m INFO&amp#27;[0;39m &amp#27;[35m3908&amp#27;[0;39m &amp#27;[2m---&amp#27;[0;39m &amp#27;[2m[           main]&amp#27;[0;39m &amp#27;[36mo.s.t.c.support.AbstractContextLoader   &amp#27;[0;39m &amp#27;[2m:&amp#27;[0;39m Could not detect default resource locations for test class [ru.yandex.practicum.filmorate.MostPopularIntegrationTest]: no resource found for suffixes {-context.xml, Context.groovy}.
&amp#27;[2m2023-06-02 05:41:35.574&amp#27;[0;39m &amp#27;[32m INFO&amp#27;[0;39m &amp#27;[35m3908&amp#27;[0;39m &amp#27;[2m---&amp#27;[0;39m &amp#27;[2m[           main]&amp#27;[0;39m &amp#27;[36mt.c.s.AnnotationConfigContextLoaderUtils&amp#27;[0;39m &amp#27;[2m:&amp#27;[0;39m Could not detect default configuration classes for test class [ru.yandex.practicum.filmorate.MostPopularIntegrationTest]: MostPopularIntegrationTest does not declare any static, non-private, non-final, nested classes annotated with @Configuration.
&amp#27;[2m2023-06-02 05:41:35.579&amp#27;[0;39m &amp#27;[32m INFO&amp#27;[0;39m &amp#27;[35m3908&amp#27;[0;39m &amp#27;[2m---&amp#27;[0;39m &amp#27;[2m[           main]&amp#27;[0;39m &amp#27;[36m.b.t.c.SpringBootTestContextBootstrapper&amp#27;[0;39m &amp#27;[2m:&amp#27;[0;39m Found @SpringBootConfiguration ru.yandex.practicum.filmorate.FilmorateApplication for test class ru.yandex.practicum.filmorate.MostPopularIntegrationTest
&amp#27;[2m2023-06-02 05:41:35.580&amp#27;[0;39m &amp#27;[32m INFO&amp#27;[0;39m &amp#27;[35m3908&amp#27;[0;39m &amp#27;[2m---&amp#27;[0;39m &amp#27;[2m[           main]&amp#27;[0;39m &amp#27;[36m.b.t.c.SpringBootTestContextBootstrapper&amp#27;[0;39m &amp#27;[2m:&amp#27;[0;39m Loaded default TestExecutionListener class names from location [META-INF/spring.factories]: [org.springframework.boot.test.mock.mockito.MockitoTestExecutionListener, org.springframework.boot.test.mock.mockito.ResetMocksTestExecutionListener, org.springframework.boot.test.autoconfigure.restdocs.RestDocsTestExecutionListener, org.springframework.boot.test.autoconfigure.web.client.MockRestServiceServerResetTestExecutionListener, org.springframework.boot.test.autoconfigure.web.servlet.MockMvcPrintOnlyOnFailureTestExecutionListener, org.springframework.boot.test.autoconfigure.web.servlet.WebDriverTestExecutionListener, org.springframework.boot.test.autoconfigure.webservices.client.MockWebServiceServerTestExecutionListener, org.springframework.test.context.web.ServletTestExecutionListener, org.springframework.test.context.support.DirtiesContextBeforeModesTestExecutionListener, org.springframework.test.context.event.ApplicationEventsTestExecutionListener, org.springframework.test.context.support.DependencyInjectionTestExecutionListener, org.springframework.test.context.support.DirtiesContextTestExecutionListener, org.springframework.test.context.transaction.TransactionalTestExecutionListener, org.springframework.test.context.jdbc.SqlScriptsTestExecutionListener, org.springframework.test.context.event.EventPublishingTestExecutionListener]
&amp#27;[2m2023-06-02 05:41:35.580&amp#27;[0;39m &amp#27;[32m INFO&amp#27;[0;39m &amp#27;[35m3908&amp#27;[0;39m &amp#27;[2m---&amp#27;[0;39m &amp#27;[2m[           main]&amp#27;[0;39m &amp#27;[36m.b.t.c.SpringBootTestContextBootstrapper&amp#27;[0;39m &amp#27;[2m:&amp#27;[0;39m Using TestExecutionListeners: [org.springframework.test.context.web.ServletTestExecutionListener@60ae7cf2, org.springframework.test.context.support.DirtiesContextBeforeModesTestExecutionListener@225e09f0, org.springframework.test.context.event.ApplicationEventsTestExecutionListener@bc8d68b, org.springframework.boot.test.mock.mockito.MockitoTestExecutionListener@2fa212df, org.springframework.boot.test.autoconfigure.SpringBootDependencyInjectionTestExecutionListener@3cf8a235, org.springframework.test.context.support.DirtiesContextTestExecutionListener@6e3b2dd3, org.springframework.test.context.transaction.TransactionalTestExecutionListener@238ad211, org.springframework.test.context.jdbc.SqlScriptsTestExecutionListener@1c011855, org.springframework.test.context.event.EventPublishingTestExecutionListener@6591f8ea, org.springframework.boot.test.mock.mockito.ResetMocksTestExecutionListener@5273143e, org.springframework.boot.test.autoconfigure.restdocs.RestDocsTestExecutionListener@279c4e3b, org.springframework.boot.test.autoconfigure.web.client.MockRestServiceServerResetTestExecutionListener@334b392d, org.springframework.boot.test.autoconfigure.web.servlet.MockMvcPrintOnlyOnFailureTestExecutionListener@59f7c106, org.springframework.boot.test.autoconfigure.web.servlet.WebDriverTestExecutionListener@136fece2, org.springframework.boot.test.autoconfigure.webservices.client.MockWebServiceServerTestExecutionListener@56478522]
&amp#27;[2m2023-06-02 05:41:35.666&amp#27;[0;39m &amp#27;[32m INFO&amp#27;[0;39m &amp#27;[35m3908&amp#27;[0;39m &amp#27;[2m---&amp#27;[0;39m &amp#27;[2m[           main]&amp#27;[0;39m &amp#27;[36mr.y.p.f.storage.film.FilmDbStorage      &amp#27;[0;39m &amp#27;[2m:&amp#27;[0;39m Запрос create > Film(id=1, name=Фильм1, description=Описание1, releaseDate=1995-12-28, duration=50, likes=[], genres=[Genre(id=1, name=null)], directors=null, mpa=Rating(id=1, name=), idD=0) --> INSERT INTO FILMORATE_SHEMA.FILMS (ID_RATE, DURATION, RELEASE_DATE, DESCRIPTION, NAME_FILMS) VALUES (?,?,CAST (? AS DATE),?,?)
&amp#27;[2m2023-06-02 05:41:35.742&amp#27;[0;39m &amp#27;[32m INFO&amp#27;[0;39m &amp#27;[35m3908&amp#27;[0;39m &amp#27;[2m---&amp#27;[0;39m &amp#27;[2m[           main]&amp#27;[0;39m &amp#27;[36mr.y.p.f.storage.film.FilmDbStorage      &amp#27;[0;39m &amp#27;[2m:&amp#27;[0;39m Результат create film > Film(id=1, name=Фильм1, description=Описание1, releaseDate=1995-12-28, duration=50, likes=[], genres=[Genre(id=1, name=Комедия)], directors=null, mpa=Rating(id=1, name=), idD=0) 
&amp#27;[2m2023-06-02 05:41:35.743&amp#27;[0;39m &amp#27;[32m INFO&amp#27;[0;39m &amp#27;[35m3908&amp#27;[0;39m &amp#27;[2m---&amp#27;[0;39m &amp#27;[2m[           main]&amp#27;[0;39m &amp#27;[36mr.y.p.f.storage.film.FilmDbStorage      &amp#27;[0;39m &amp#27;[2m:&amp#27;[0;39m Запрос create > Film(id=2, name=Фильм2, description=Описание2, releaseDate=2000-12-28, duration=100, likes=[], genres=[Genre(id=1, name=null)], directors=null, mpa=Rating(id=1, name=), idD=0) --> INSERT INTO FILMORATE_SHEMA.FILMS (ID_RATE, DURATION, RELEASE_DATE, DESCRIPTION, NAME_FILMS) VALUES (?,?,CAST (? AS DATE),?,?)
&amp#27;[2m2023-06-02 05:41:35.749&amp#27;[0;39m &amp#27;[32m INFO&amp#27;[0;39m &amp#27;[35m3908&amp#27;[0;39m &amp#27;[2m---&amp#27;[0;39m &amp#27;[2m[           main]&amp#27;[0;39m &amp#27;[36mr.y.p.f.storage.film.FilmDbStorage      &amp#27;[0;39m &amp#27;[2m:&amp#27;[0;39m Результат create film > Film(id=2, name=Фильм2, description=Описание2, releaseDate=2000-12-28, duration=100, likes=[], genres=[Genre(id=1, name=Комедия)], directors=null, mpa=Rating(id=1, name=), idD=0) 
&amp#27;[2m2023-06-02 05:41:35.750&amp#27;[0;39m &amp#27;[32m INFO&amp#27;[0;39m &amp#27;[35m3908&amp#27;[0;39m &amp#27;[2m---&amp#27;[0;39m &amp#27;[2m[           main]&amp#27;[0;39m &amp#27;[36mr.y.p.f.storage.user.UserDbStorage      &amp#27;[0;39m &amp#27;[2m:&amp#27;[0;39m Запрос create > User(id=1, login=Логин1, email=test@qq1.ru, birthday=1995-12-28, name=Имя1) --> INSERT INTO FILMORATE_SHEMA.USERS (NAME_USER, BIRTHDAY, EMAIL, LOGIN) VALUES (?,CAST (? AS DATE),?,?)
&amp#27;[2m2023-06-02 05:41:35.755&amp#27;[0;39m &amp#27;[32m INFO&amp#27;[0;39m &amp#27;[35m3908&amp#27;[0;39m &amp#27;[2m---&amp#27;[0;39m &amp#27;[2m[           main]&amp#27;[0;39m &amp#27;[36mr.y.p.f.storage.user.UserDbStorage      &amp#27;[0;39m &amp#27;[2m:&amp#27;[0;39m Запрос create > User(id=2, login=Логин2, email=test@qq2.ru, birthday=2000-12-28, name=Имя2) --> INSERT INTO FILMORATE_SHEMA.USERS (NAME_USER, BIRTHDAY, EMAIL, LOGIN) VALUES (?,CAST (? AS DATE),?,?)
&amp#27;[2m2023-06-02 05:41:35.760&amp#27;[0;39m &amp#27;[32m INFO&amp#27;[0;39m &amp#27;[35m3908&amp#27;[0;39m &amp#27;[2m---&amp#27;[0;39m &amp#27;[2m[           main]&amp#27;[0;39m &amp#27;[36mr.y.p.f.storage.film.FilmDbStorage      &amp#27;[0;39m &amp#27;[2m:&amp#27;[0;39m Запрос addLike > INSERT INTO FILMORATE_SHEMA.LIKES_SET (ID_FILM, ID_USER) VALUES (?, ?)
&amp#27;[2m2023-06-02 05:41:35.762&amp#27;[0;39m &amp#27;[32m INFO&amp#27;[0;39m &amp#27;[35m3908&amp#27;[0;39m &amp#27;[2m---&amp#27;[0;39m &amp#27;[2m[           main]&amp#27;[0;39m &amp#27;[36mr.y.p.f.storage.film.FilmDbStorage      &amp#27;[0;39m &amp#27;[2m:&amp#27;[0;39m Запрос getMaxPopularByGenreAndYear > SELECT * FROM FILMORATE_SHEMA.FILMS AS f JOIN FILMORATE_SHEMA.LIKES_SET AS ls ON f.ID_FILM = ls.ID_FILM WHERE f.ID_FILM IN ( SELECT ID_FILM FROM FILMORATE_SHEMA.GENRE_SET WHERE ID = ?) AND YEAR(f.RELEASE_DATE) LIKE ? GROUP BY f.ID_FILM ORDER BY COUNT(ls.ID_USER) desc LIMIT ?
&amp#27;[2m2023-06-02 05:41:35.776&amp#27;[0;39m &amp#27;[32m INFO&amp#27;[0;39m &amp#27;[35m3908&amp#27;[0;39m &amp#27;[2m---&amp#27;[0;39m &amp#27;[2m[           main]&amp#27;[0;39m &amp#27;[36mr.y.p.f.storage.film.FilmDbStorage      &amp#27;[0;39m &amp#27;[2m:&amp#27;[0;39m Запрос mapToFilm ResultSet > rs62: org.h2.result.LocalResult@3a54638b columns: 9 rows: 1 pos: 0
&amp#27;[2m2023-06-02 05:41:35.780&amp#27;[0;39m &amp#27;[32m INFO&amp#27;[0;39m &amp#27;[35m3908&amp#27;[0;39m &amp#27;[2m---&amp#27;[0;39m &amp#27;[2m[           main]&amp#27;[0;39m &amp#27;[36mr.y.p.f.storage.film.GenreDbStorage     &amp#27;[0;39m &amp#27;[2m:&amp#27;[0;39m Запрос mapToGenre ResultSet > rs63: org.h2.result.LocalResult@1d585fb columns: 4 rows: 1 pos: 0
&amp#27;[2m2023-06-02 05:41:35.781&amp#27;[0;39m &amp#27;[32m INFO&amp#27;[0;39m &amp#27;[35m3908&amp#27;[0;39m &amp#27;[2m---&amp#27;[0;39m &amp#27;[2m[           main]&amp#27;[0;39m &amp#27;[36mr.y.p.f.storage.film.GenreDbStorage     &amp#27;[0;39m &amp#27;[2m:&amp#27;[0;39m Запрос findGenreByIdFilm > SELECT * FROM FILMORATE_SHEMA.GENRE AS G JOIN FILMORATE_SHEMA.GENRE_SET AS GS ON G.ID=GS.ID WHERE GS.ID_FILM = ? -- [Genre(id=1, name=Комедия)] 
&amp#27;[2m2023-06-02 05:41:35.785&amp#27;[0;39m &amp#27;[32m INFO&amp#27;[0;39m &amp#27;[35m3908&amp#27;[0;39m &amp#27;[2m---&amp#27;[0;39m &amp#27;[2m[           main]&amp#27;[0;39m &amp#27;[36mr.y.p.f.storage.film.DirectorDBStorage  &amp#27;[0;39m &amp#27;[2m:&amp#27;[0;39m Запрос findGenreByIdFilm > SELECT * FROM FILMORATE_SHEMA.DIRECTOR_LIST AS DL JOIN FILMORATE_SHEMA.DIRECTOR AS D ON DL.ID_DIRECTOR = D.ID_DIRECTOR WHERE D.ID_FILM = ? -- [] 
&amp#27;[2m2023-06-02 05:41:35.785&amp#27;[0;39m &amp#27;[32m INFO&amp#27;[0;39m &amp#27;[35m3908&amp#27;[0;39m &amp#27;[2m---&amp#27;[0;39m &amp#27;[2m[           main]&amp#27;[0;39m &amp#27;[36mr.y.p.f.storage.film.FilmDbStorage      &amp#27;[0;39m &amp#27;[2m:&amp#27;[0;39m Запрос getLikes > SELECT ID_USER FROM FILMORATE_SHEMA.LIKES_SET WHERE ID_FILM = ?
&amp#27;[2m2023-06-02 05:41:35.822&amp#27;[0;39m &amp#27;[32m INFO&amp#27;[0;39m &amp#27;[35m3908&amp#27;[0;39m &amp#27;[2m---&amp#27;[0;39m &amp#27;[2m[           main]&amp#27;[0;39m &amp#27;[36mr.y.p.f.storage.film.FilmDbStorage      &amp#27;[0;39m &amp#27;[2m:&amp#27;[0;39m Collection > [Film(id=2, name=Фильм2, description=Описание2, releaseDate=2000-12-28, duration=100, likes=[1], genres=[Genre(id=1, name=Комедия)], directors=[], mpa=Rating(id=1, name=), idD=0)]
]]></system-out>
  </testcase>
  <testcase name="findMostPopularsByGenreTest" classname="ru.yandex.practicum.filmorate.MostPopularIntegrationTest" time="0.033">
    <failure message="expected: &lt;[Film(id=2, name=Фильм2, description=Описание2, releaseDate=2000-12-28, duration=100, likes=[1], genres=[Genre(id=1, name=Комедия)], directors=[], mpa=Rating(id=1, name=), idD=0)]&gt; but was: &lt;[Film(id=2, name=Фильм2, description=Описание2, releaseDate=2000-12-28, duration=100, likes=[], genres=[Genre(id=1, name=Комедия)], directors=null, mpa=Rating(id=1, name=), idD=0), Film(id=1, name=Фильм1, description=Описание1, releaseDate=1995-12-28, duration=50, likes=[], genres=[Genre(id=1, name=Комедия)], directors=null, mpa=Rating(id=1, name=), idD=0)]&gt;" type="org.opentest4j.AssertionFailedError"><![CDATA[org.opentest4j.AssertionFailedError: expected: <[Film(id=2, name=Фильм2, description=Описание2, releaseDate=2000-12-28, duration=100, likes=[1], genres=[Genre(id=1, name=Комедия)], directors=[], mpa=Rating(id=1, name=), idD=0)]> but was: <[Film(id=2, name=Фильм2, description=Описание2, releaseDate=2000-12-28, duration=100, likes=[], genres=[Genre(id=1, name=Комедия)], directors=null, mpa=Rating(id=1, name=), idD=0), Film(id=1, name=Фильм1, description=Описание1, releaseDate=1995-12-28, duration=50, likes=[], genres=[Genre(id=1, name=Комедия)], directors=null, mpa=Rating(id=1, name=), idD=0)]>
	at ru.yandex.practicum.filmorate.MostPopularIntegrationTest.findMostPopularsByGenreTest(MostPopularIntegrationTest.java:112)
]]></failure>
    <system-out><![CDATA[&amp#27;[2m2023-06-02 05:41:35.851&amp#27;[0;39m &amp#27;[32m INFO&amp#27;[0;39m &amp#27;[35m3908&amp#27;[0;39m &amp#27;[2m---&amp#27;[0;39m &amp#27;[2m[           main]&amp#27;[0;39m &amp#27;[36mr.y.p.f.storage.film.FilmDbStorage      &amp#27;[0;39m &amp#27;[2m:&amp#27;[0;39m Запрос create > Film(id=1, name=Фильм1, description=Описание1, releaseDate=1995-12-28, duration=50, likes=[], genres=[Genre(id=1, name=null)], directors=null, mpa=Rating(id=1, name=), idD=0) --> INSERT INTO FILMORATE_SHEMA.FILMS (ID_RATE, DURATION, RELEASE_DATE, DESCRIPTION, NAME_FILMS) VALUES (?,?,CAST (? AS DATE),?,?)
&amp#27;[2m2023-06-02 05:41:35.855&amp#27;[0;39m &amp#27;[32m INFO&amp#27;[0;39m &amp#27;[35m3908&amp#27;[0;39m &amp#27;[2m---&amp#27;[0;39m &amp#27;[2m[           main]&amp#27;[0;39m &amp#27;[36mr.y.p.f.storage.film.FilmDbStorage      &amp#27;[0;39m &amp#27;[2m:&amp#27;[0;39m Результат create film > Film(id=1, name=Фильм1, description=Описание1, releaseDate=1995-12-28, duration=50, likes=[], genres=[Genre(id=1, name=Комедия)], directors=null, mpa=Rating(id=1, name=), idD=0) 
&amp#27;[2m2023-06-02 05:41:35.855&amp#27;[0;39m &amp#27;[32m INFO&amp#27;[0;39m &amp#27;[35m3908&amp#27;[0;39m &amp#27;[2m---&amp#27;[0;39m &amp#27;[2m[           main]&amp#27;[0;39m &amp#27;[36mr.y.p.f.storage.film.FilmDbStorage      &amp#27;[0;39m &amp#27;[2m:&amp#27;[0;39m Запрос create > Film(id=2, name=Фильм2, description=Описание2, releaseDate=2000-12-28, duration=100, likes=[], genres=[Genre(id=1, name=null)], directors=null, mpa=Rating(id=1, name=), idD=0) --> INSERT INTO FILMORATE_SHEMA.FILMS (ID_RATE, DURATION, RELEASE_DATE, DESCRIPTION, NAME_FILMS) VALUES (?,?,CAST (? AS DATE),?,?)
&amp#27;[2m2023-06-02 05:41:35.858&amp#27;[0;39m &amp#27;[32m INFO&amp#27;[0;39m &amp#27;[35m3908&amp#27;[0;39m &amp#27;[2m---&amp#27;[0;39m &amp#27;[2m[           main]&amp#27;[0;39m &amp#27;[36mr.y.p.f.storage.film.FilmDbStorage      &amp#27;[0;39m &amp#27;[2m:&amp#27;[0;39m Результат create film > Film(id=2, name=Фильм2, description=Описание2, releaseDate=2000-12-28, duration=100, likes=[], genres=[Genre(id=1, name=Комедия)], directors=null, mpa=Rating(id=1, name=), idD=0) 
&amp#27;[2m2023-06-02 05:41:35.859&amp#27;[0;39m &amp#27;[32m INFO&amp#27;[0;39m &amp#27;[35m3908&amp#27;[0;39m &amp#27;[2m---&amp#27;[0;39m &amp#27;[2m[           main]&amp#27;[0;39m &amp#27;[36mr.y.p.f.storage.user.UserDbStorage      &amp#27;[0;39m &amp#27;[2m:&amp#27;[0;39m Запрос create > User(id=1, login=Логин1, email=test@qq1.ru, birthday=1995-12-28, name=Имя1) --> INSERT INTO FILMORATE_SHEMA.USERS (NAME_USER, BIRTHDAY, EMAIL, LOGIN) VALUES (?,CAST (? AS DATE),?,?)
&amp#27;[2m2023-06-02 05:41:35.862&amp#27;[0;39m &amp#27;[32m INFO&amp#27;[0;39m &amp#27;[35m3908&amp#27;[0;39m &amp#27;[2m---&amp#27;[0;39m &amp#27;[2m[           main]&amp#27;[0;39m &amp#27;[36mr.y.p.f.storage.user.UserDbStorage      &amp#27;[0;39m &amp#27;[2m:&amp#27;[0;39m Запрос create > User(id=2, login=Логин2, email=test@qq2.ru, birthday=2000-12-28, name=Имя2) --> INSERT INTO FILMORATE_SHEMA.USERS (NAME_USER, BIRTHDAY, EMAIL, LOGIN) VALUES (?,CAST (? AS DATE),?,?)
&amp#27;[2m2023-06-02 05:41:35.863&amp#27;[0;39m &amp#27;[32m INFO&amp#27;[0;39m &amp#27;[35m3908&amp#27;[0;39m &amp#27;[2m---&amp#27;[0;39m &amp#27;[2m[           main]&amp#27;[0;39m &amp#27;[36mr.y.p.f.storage.film.FilmDbStorage      &amp#27;[0;39m &amp#27;[2m:&amp#27;[0;39m Запрос addLike > INSERT INTO FILMORATE_SHEMA.LIKES_SET (ID_FILM, ID_USER) VALUES (?, ?)
&amp#27;[2m2023-06-02 05:41:35.864&amp#27;[0;39m &amp#27;[32m INFO&amp#27;[0;39m &amp#27;[35m3908&amp#27;[0;39m &amp#27;[2m---&amp#27;[0;39m &amp#27;[2m[           main]&amp#27;[0;39m &amp#27;[36mr.y.p.f.storage.film.FilmDbStorage      &amp#27;[0;39m &amp#27;[2m:&amp#27;[0;39m Запрос getMaxPopularByGenre > SELECT * FROM FILMORATE_SHEMA.FILMS AS f JOIN FILMORATE_SHEMA.LIKES_SET AS ls ON f.ID_FILM = ls.ID_FILM WHERE f.ID_FILM IN (SELECT ID_FILM FROM FILMORATE_SHEMA.GENRE_SET WHERE ID = ?) GROUP BY f.ID_FILM ORDER BY COUNT(ls.ID_USER) desc LIMIT ?
&amp#27;[2m2023-06-02 05:41:35.866&amp#27;[0;39m &amp#27;[32m INFO&amp#27;[0;39m &amp#27;[35m3908&amp#27;[0;39m &amp#27;[2m---&amp#27;[0;39m &amp#27;[2m[           main]&amp#27;[0;39m &amp#27;[36mr.y.p.f.storage.film.FilmDbStorage      &amp#27;[0;39m &amp#27;[2m:&amp#27;[0;39m Запрос mapToFilm ResultSet > rs74: org.h2.result.LocalResult@5f3f57ff columns: 9 rows: 1 pos: 0
&amp#27;[2m2023-06-02 05:41:35.868&amp#27;[0;39m &amp#27;[32m INFO&amp#27;[0;39m &amp#27;[35m3908&amp#27;[0;39m &amp#27;[2m---&amp#27;[0;39m &amp#27;[2m[           main]&amp#27;[0;39m &amp#27;[36mr.y.p.f.storage.film.GenreDbStorage     &amp#27;[0;39m &amp#27;[2m:&amp#27;[0;39m Запрос mapToGenre ResultSet > rs75: org.h2.result.LocalResult@d4ecdb0 columns: 4 rows: 1 pos: 0
&amp#27;[2m2023-06-02 05:41:35.868&amp#27;[0;39m &amp#27;[32m INFO&amp#27;[0;39m &amp#27;[35m3908&amp#27;[0;39m &amp#27;[2m---&amp#27;[0;39m &amp#27;[2m[           main]&amp#27;[0;39m &amp#27;[36mr.y.p.f.storage.film.GenreDbStorage     &amp#27;[0;39m &amp#27;[2m:&amp#27;[0;39m Запрос findGenreByIdFilm > SELECT * FROM FILMORATE_SHEMA.GENRE AS G JOIN FILMORATE_SHEMA.GENRE_SET AS GS ON G.ID=GS.ID WHERE GS.ID_FILM = ? -- [Genre(id=1, name=Комедия)] 
&amp#27;[2m2023-06-02 05:41:35.869&amp#27;[0;39m &amp#27;[32m INFO&amp#27;[0;39m &amp#27;[35m3908&amp#27;[0;39m &amp#27;[2m---&amp#27;[0;39m &amp#27;[2m[           main]&amp#27;[0;39m &amp#27;[36mr.y.p.f.storage.film.DirectorDBStorage  &amp#27;[0;39m &amp#27;[2m:&amp#27;[0;39m Запрос findGenreByIdFilm > SELECT * FROM FILMORATE_SHEMA.DIRECTOR_LIST AS DL JOIN FILMORATE_SHEMA.DIRECTOR AS D ON DL.ID_DIRECTOR = D.ID_DIRECTOR WHERE D.ID_FILM = ? -- [] 
&amp#27;[2m2023-06-02 05:41:35.870&amp#27;[0;39m &amp#27;[32m INFO&amp#27;[0;39m &amp#27;[35m3908&amp#27;[0;39m &amp#27;[2m---&amp#27;[0;39m &amp#27;[2m[           main]&amp#27;[0;39m &amp#27;[36mr.y.p.f.storage.film.FilmDbStorage      &amp#27;[0;39m &amp#27;[2m:&amp#27;[0;39m Запрос getLikes > SELECT ID_USER FROM FILMORATE_SHEMA.LIKES_SET WHERE ID_FILM = ?
&amp#27;[2m2023-06-02 05:41:35.872&amp#27;[0;39m &amp#27;[32m INFO&amp#27;[0;39m &amp#27;[35m3908&amp#27;[0;39m &amp#27;[2m---&amp#27;[0;39m &amp#27;[2m[           main]&amp#27;[0;39m &amp#27;[36mr.y.p.f.storage.film.FilmDbStorage      &amp#27;[0;39m &amp#27;[2m:&amp#27;[0;39m Collection > [Film(id=2, name=Фильм2, description=Описание2, releaseDate=2000-12-28, duration=100, likes=[1], genres=[Genre(id=1, name=Комедия)], directors=[], mpa=Rating(id=1, name=), idD=0)]
]]></system-out>
  </testcase>
  <testcase name="findMostPopularsByYearTest" classname="ru.yandex.practicum.filmorate.MostPopularIntegrationTest" time="0.096">
    <failure message="expected: &lt;[Film(id=2, name=Фильм2, description=Описание2, releaseDate=2000-12-28, duration=100, likes=[1], genres=[Genre(id=1, name=Комедия)], directors=[], mpa=Rating(id=1, name=), idD=0)]&gt; but was: &lt;[Film(id=2, name=Фильм2, description=Описание2, releaseDate=2000-12-28, duration=100, likes=[], genres=[Genre(id=1, name=Комедия)], directors=null, mpa=Rating(id=1, name=), idD=0)]&gt;" type="org.opentest4j.AssertionFailedError"><![CDATA[org.opentest4j.AssertionFailedError: expected: <[Film(id=2, name=Фильм2, description=Описание2, releaseDate=2000-12-28, duration=100, likes=[1], genres=[Genre(id=1, name=Комедия)], directors=[], mpa=Rating(id=1, name=), idD=0)]> but was: <[Film(id=2, name=Фильм2, description=Описание2, releaseDate=2000-12-28, duration=100, likes=[], genres=[Genre(id=1, name=Комедия)], directors=null, mpa=Rating(id=1, name=), idD=0)]>
	at ru.yandex.practicum.filmorate.MostPopularIntegrationTest.findMostPopularsByYearTest(MostPopularIntegrationTest.java:118)
]]></failure>
    <system-out><![CDATA[&amp#27;[2m2023-06-02 05:41:35.885&amp#27;[0;39m &amp#27;[32m INFO&amp#27;[0;39m &amp#27;[35m3908&amp#27;[0;39m &amp#27;[2m---&amp#27;[0;39m &amp#27;[2m[           main]&amp#27;[0;39m &amp#27;[36mr.y.p.f.storage.film.FilmDbStorage      &amp#27;[0;39m &amp#27;[2m:&amp#27;[0;39m Запрос create > Film(id=1, name=Фильм1, description=Описание1, releaseDate=1995-12-28, duration=50, likes=[], genres=[Genre(id=1, name=null)], directors=null, mpa=Rating(id=1, name=), idD=0) --> INSERT INTO FILMORATE_SHEMA.FILMS (ID_RATE, DURATION, RELEASE_DATE, DESCRIPTION, NAME_FILMS) VALUES (?,?,CAST (? AS DATE),?,?)
&amp#27;[2m2023-06-02 05:41:35.891&amp#27;[0;39m &amp#27;[32m INFO&amp#27;[0;39m &amp#27;[35m3908&amp#27;[0;39m &amp#27;[2m---&amp#27;[0;39m &amp#27;[2m[           main]&amp#27;[0;39m &amp#27;[36mr.y.p.f.storage.film.FilmDbStorage      &amp#27;[0;39m &amp#27;[2m:&amp#27;[0;39m Результат create film > Film(id=1, name=Фильм1, description=Описание1, releaseDate=1995-12-28, duration=50, likes=[], genres=[Genre(id=1, name=Комедия)], directors=null, mpa=Rating(id=1, name=), idD=0) 
&amp#27;[2m2023-06-02 05:41:35.893&amp#27;[0;39m &amp#27;[32m INFO&amp#27;[0;39m &amp#27;[35m3908&amp#27;[0;39m &amp#27;[2m---&amp#27;[0;39m &amp#27;[2m[           main]&amp#27;[0;39m &amp#27;[36mr.y.p.f.storage.film.FilmDbStorage      &amp#27;[0;39m &amp#27;[2m:&amp#27;[0;39m Запрос create > Film(id=2, name=Фильм2, description=Описание2, releaseDate=2000-12-28, duration=100, likes=[], genres=[Genre(id=1, name=null)], directors=null, mpa=Rating(id=1, name=), idD=0) --> INSERT INTO FILMORATE_SHEMA.FILMS (ID_RATE, DURATION, RELEASE_DATE, DESCRIPTION, NAME_FILMS) VALUES (?,?,CAST (? AS DATE),?,?)
&amp#27;[2m2023-06-02 05:41:35.896&amp#27;[0;39m &amp#27;[32m INFO&amp#27;[0;39m &amp#27;[35m3908&amp#27;[0;39m &amp#27;[2m---&amp#27;[0;39m &amp#27;[2m[           main]&amp#27;[0;39m &amp#27;[36mr.y.p.f.storage.film.FilmDbStorage      &amp#27;[0;39m &amp#27;[2m:&amp#27;[0;39m Результат create film > Film(id=2, name=Фильм2, description=Описание2, releaseDate=2000-12-28, duration=100, likes=[], genres=[Genre(id=1, name=Комедия)], directors=null, mpa=Rating(id=1, name=), idD=0) 
&amp#27;[2m2023-06-02 05:41:35.897&amp#27;[0;39m &amp#27;[32m INFO&amp#27;[0;39m &amp#27;[35m3908&amp#27;[0;39m &amp#27;[2m---&amp#27;[0;39m &amp#27;[2m[           main]&amp#27;[0;39m &amp#27;[36mr.y.p.f.storage.user.UserDbStorage      &amp#27;[0;39m &amp#27;[2m:&amp#27;[0;39m Запрос create > User(id=1, login=Логин1, email=test@qq1.ru, birthday=1995-12-28, name=Имя1) --> INSERT INTO FILMORATE_SHEMA.USERS (NAME_USER, BIRTHDAY, EMAIL, LOGIN) VALUES (?,CAST (? AS DATE),?,?)
&amp#27;[2m2023-06-02 05:41:35.898&amp#27;[0;39m &amp#27;[32m INFO&amp#27;[0;39m &amp#27;[35m3908&amp#27;[0;39m &amp#27;[2m---&amp#27;[0;39m &amp#27;[2m[           main]&amp#27;[0;39m &amp#27;[36mr.y.p.f.storage.user.UserDbStorage      &amp#27;[0;39m &amp#27;[2m:&amp#27;[0;39m Запрос create > User(id=2, login=Логин2, email=test@qq2.ru, birthday=2000-12-28, name=Имя2) --> INSERT INTO FILMORATE_SHEMA.USERS (NAME_USER, BIRTHDAY, EMAIL, LOGIN) VALUES (?,CAST (? AS DATE),?,?)
&amp#27;[2m2023-06-02 05:41:35.899&amp#27;[0;39m &amp#27;[32m INFO&amp#27;[0;39m &amp#27;[35m3908&amp#27;[0;39m &amp#27;[2m---&amp#27;[0;39m &amp#27;[2m[           main]&amp#27;[0;39m &amp#27;[36mr.y.p.f.storage.film.FilmDbStorage      &amp#27;[0;39m &amp#27;[2m:&amp#27;[0;39m Запрос addLike > INSERT INTO FILMORATE_SHEMA.LIKES_SET (ID_FILM, ID_USER) VALUES (?, ?)
&amp#27;[2m2023-06-02 05:41:35.901&amp#27;[0;39m &amp#27;[32m INFO&amp#27;[0;39m &amp#27;[35m3908&amp#27;[0;39m &amp#27;[2m---&amp#27;[0;39m &amp#27;[2m[           main]&amp#27;[0;39m &amp#27;[36mr.y.p.f.storage.film.FilmDbStorage      &amp#27;[0;39m &amp#27;[2m:&amp#27;[0;39m Запрос getMaxPopularByYear > SELECT * FROM FILMORATE_SHEMA.FILMS AS f JOIN FILMORATE_SHEMA.LIKES_SET AS ls ON f.ID_FILM = ls.ID_FILM WHERE f.ID_FILM IN (SELECT ID_FILM FROM FILMORATE_SHEMA.FILMS WHERE YEAR(f.RELEASE_DATE) LIKE ?) GROUP BY f.ID_FILM ORDER BY COUNT(ls.ID_USER) desc LIMIT ?
&amp#27;[2m2023-06-02 05:41:35.905&amp#27;[0;39m &amp#27;[32m INFO&amp#27;[0;39m &amp#27;[35m3908&amp#27;[0;39m &amp#27;[2m---&amp#27;[0;39m &amp#27;[2m[           main]&amp#27;[0;39m &amp#27;[36mr.y.p.f.storage.film.FilmDbStorage      &amp#27;[0;39m &amp#27;[2m:&amp#27;[0;39m Запрос mapToFilm ResultSet > rs86: org.h2.result.LocalResult@1fbd5e0 columns: 9 rows: 1 pos: 0
&amp#27;[2m2023-06-02 05:41:35.907&amp#27;[0;39m &amp#27;[32m INFO&amp#27;[0;39m &amp#27;[35m3908&amp#27;[0;39m &amp#27;[2m---&amp#27;[0;39m &amp#27;[2m[           main]&amp#27;[0;39m &amp#27;[36mr.y.p.f.storage.film.GenreDbStorage     &amp#27;[0;39m &amp#27;[2m:&amp#27;[0;39m Запрос mapToGenre ResultSet > rs87: org.h2.result.LocalResult@135064ea columns: 4 rows: 1 pos: 0
&amp#27;[2m2023-06-02 05:41:35.910&amp#27;[0;39m &amp#27;[32m INFO&amp#27;[0;39m &amp#27;[35m3908&amp#27;[0;39m &amp#27;[2m---&amp#27;[0;39m &amp#27;[2m[           main]&amp#27;[0;39m &amp#27;[36mr.y.p.f.storage.film.GenreDbStorage     &amp#27;[0;39m &amp#27;[2m:&amp#27;[0;39m Запрос findGenreByIdFilm > SELECT * FROM FILMORATE_SHEMA.GENRE AS G JOIN FILMORATE_SHEMA.GENRE_SET AS GS ON G.ID=GS.ID WHERE GS.ID_FILM = ? -- [Genre(id=1, name=Комедия)] 
&amp#27;[2m2023-06-02 05:41:35.912&amp#27;[0;39m &amp#27;[32m INFO&amp#27;[0;39m &amp#27;[35m3908&amp#27;[0;39m &amp#27;[2m---&amp#27;[0;39m &amp#27;[2m[           main]&amp#27;[0;39m &amp#27;[36mr.y.p.f.storage.film.DirectorDBStorage  &amp#27;[0;39m &amp#27;[2m:&amp#27;[0;39m Запрос findGenreByIdFilm > SELECT * FROM FILMORATE_SHEMA.DIRECTOR_LIST AS DL JOIN FILMORATE_SHEMA.DIRECTOR AS D ON DL.ID_DIRECTOR = D.ID_DIRECTOR WHERE D.ID_FILM = ? -- [] 
&amp#27;[2m2023-06-02 05:41:35.913&amp#27;[0;39m &amp#27;[32m INFO&amp#27;[0;39m &amp#27;[35m3908&amp#27;[0;39m &amp#27;[2m---&amp#27;[0;39m &amp#27;[2m[           main]&amp#27;[0;39m &amp#27;[36mr.y.p.f.storage.film.FilmDbStorage      &amp#27;[0;39m &amp#27;[2m:&amp#27;[0;39m Запрос getLikes > SELECT ID_USER FROM FILMORATE_SHEMA.LIKES_SET WHERE ID_FILM = ?
&amp#27;[2m2023-06-02 05:41:35.919&amp#27;[0;39m &amp#27;[32m INFO&amp#27;[0;39m &amp#27;[35m3908&amp#27;[0;39m &amp#27;[2m---&amp#27;[0;39m &amp#27;[2m[           main]&amp#27;[0;39m &amp#27;[36mr.y.p.f.storage.film.FilmDbStorage      &amp#27;[0;39m &amp#27;[2m:&amp#27;[0;39m Collection > [Film(id=2, name=Фильм2, description=Описание2, releaseDate=2000-12-28, duration=100, likes=[1], genres=[Genre(id=1, name=Комедия)], directors=[], mpa=Rating(id=1, name=), idD=0)]
]]></system-out>
  </testcase>
  <testcase name="findMostPopularsAllTest" classname="ru.yandex.practicum.filmorate.MostPopularIntegrationTest" time="0.103">
    <failure message="expected: &lt;[Film(id=2, name=Фильм2, description=Описание2, releaseDate=2000-12-28, duration=100, likes=[1], genres=[Genre(id=1, name=Комедия)], directors=[], mpa=Rating(id=1, name=), idD=0), Film(id=1, name=Фильм1, description=Описание1, releaseDate=1995-12-28, duration=50, likes=[], genres=[Genre(id=1, name=Комедия)], directors=[], mpa=Rating(id=1, name=), idD=0)]&gt; but was: &lt;[Film(id=2, name=Фильм2, description=Описание2, releaseDate=2000-12-28, duration=100, likes=[], genres=[Genre(id=1, name=Комедия)], directors=null, mpa=Rating(id=1, name=), idD=0), Film(id=1, name=Фильм1, description=Описание1, releaseDate=1995-12-28, duration=50, likes=[], genres=[Genre(id=1, name=Комедия)], directors=null, mpa=Rating(id=1, name=), idD=0)]&gt;" type="org.opentest4j.AssertionFailedError"><![CDATA[org.opentest4j.AssertionFailedError: expected: <[Film(id=2, name=Фильм2, description=Описание2, releaseDate=2000-12-28, duration=100, likes=[1], genres=[Genre(id=1, name=Комедия)], directors=[], mpa=Rating(id=1, name=), idD=0), Film(id=1, name=Фильм1, description=Описание1, releaseDate=1995-12-28, duration=50, likes=[], genres=[Genre(id=1, name=Комедия)], directors=[], mpa=Rating(id=1, name=), idD=0)]> but was: <[Film(id=2, name=Фильм2, description=Описание2, releaseDate=2000-12-28, duration=100, likes=[], genres=[Genre(id=1, name=Комедия)], directors=null, mpa=Rating(id=1, name=), idD=0), Film(id=1, name=Фильм1, description=Описание1, releaseDate=1995-12-28, duration=50, likes=[], genres=[Genre(id=1, name=Комедия)], directors=null, mpa=Rating(id=1, name=), idD=0)]>
	at ru.yandex.practicum.filmorate.MostPopularIntegrationTest.findMostPopularsAllTest(MostPopularIntegrationTest.java:124)
]]></failure>
    <system-out><![CDATA[&amp#27;[2m2023-06-02 05:41:35.983&amp#27;[0;39m &amp#27;[32m INFO&amp#27;[0;39m &amp#27;[35m3908&amp#27;[0;39m &amp#27;[2m---&amp#27;[0;39m &amp#27;[2m[           main]&amp#27;[0;39m &amp#27;[36mr.y.p.f.storage.film.FilmDbStorage      &amp#27;[0;39m &amp#27;[2m:&amp#27;[0;39m Запрос create > Film(id=1, name=Фильм1, description=Описание1, releaseDate=1995-12-28, duration=50, likes=[], genres=[Genre(id=1, name=null)], directors=null, mpa=Rating(id=1, name=), idD=0) --> INSERT INTO FILMORATE_SHEMA.FILMS (ID_RATE, DURATION, RELEASE_DATE, DESCRIPTION, NAME_FILMS) VALUES (?,?,CAST (? AS DATE),?,?)
&amp#27;[2m2023-06-02 05:41:35.991&amp#27;[0;39m &amp#27;[32m INFO&amp#27;[0;39m &amp#27;[35m3908&amp#27;[0;39m &amp#27;[2m---&amp#27;[0;39m &amp#27;[2m[           main]&amp#27;[0;39m &amp#27;[36mr.y.p.f.storage.film.FilmDbStorage      &amp#27;[0;39m &amp#27;[2m:&amp#27;[0;39m Результат create film > Film(id=1, name=Фильм1, description=Описание1, releaseDate=1995-12-28, duration=50, likes=[], genres=[Genre(id=1, name=Комедия)], directors=null, mpa=Rating(id=1, name=), idD=0) 
&amp#27;[2m2023-06-02 05:41:35.994&amp#27;[0;39m &amp#27;[32m INFO&amp#27;[0;39m &amp#27;[35m3908&amp#27;[0;39m &amp#27;[2m---&amp#27;[0;39m &amp#27;[2m[           main]&amp#27;[0;39m &amp#27;[36mr.y.p.f.storage.film.FilmDbStorage      &amp#27;[0;39m &amp#27;[2m:&amp#27;[0;39m Запрос create > Film(id=2, name=Фильм2, description=Описание2, releaseDate=2000-12-28, duration=100, likes=[], genres=[Genre(id=1, name=null)], directors=null, mpa=Rating(id=1, name=), idD=0) --> INSERT INTO FILMORATE_SHEMA.FILMS (ID_RATE, DURATION, RELEASE_DATE, DESCRIPTION, NAME_FILMS) VALUES (?,?,CAST (? AS DATE),?,?)
&amp#27;[2m2023-06-02 05:41:36.003&amp#27;[0;39m &amp#27;[32m INFO&amp#27;[0;39m &amp#27;[35m3908&amp#27;[0;39m &amp#27;[2m---&amp#27;[0;39m &amp#27;[2m[           main]&amp#27;[0;39m &amp#27;[36mr.y.p.f.storage.film.FilmDbStorage      &amp#27;[0;39m &amp#27;[2m:&amp#27;[0;39m Результат create film > Film(id=2, name=Фильм2, description=Описание2, releaseDate=2000-12-28, duration=100, likes=[], genres=[Genre(id=1, name=Комедия)], directors=null, mpa=Rating(id=1, name=), idD=0) 
&amp#27;[2m2023-06-02 05:41:36.007&amp#27;[0;39m &amp#27;[32m INFO&amp#27;[0;39m &amp#27;[35m3908&amp#27;[0;39m &amp#27;[2m---&amp#27;[0;39m &amp#27;[2m[           main]&amp#27;[0;39m &amp#27;[36mr.y.p.f.storage.user.UserDbStorage      &amp#27;[0;39m &amp#27;[2m:&amp#27;[0;39m Запрос create > User(id=1, login=Логин1, email=test@qq1.ru, birthday=1995-12-28, name=Имя1) --> INSERT INTO FILMORATE_SHEMA.USERS (NAME_USER, BIRTHDAY, EMAIL, LOGIN) VALUES (?,CAST (? AS DATE),?,?)
&amp#27;[2m2023-06-02 05:41:36.012&amp#27;[0;39m &amp#27;[32m INFO&amp#27;[0;39m &amp#27;[35m3908&amp#27;[0;39m &amp#27;[2m---&amp#27;[0;39m &amp#27;[2m[           main]&amp#27;[0;39m &amp#27;[36mr.y.p.f.storage.user.UserDbStorage      &amp#27;[0;39m &amp#27;[2m:&amp#27;[0;39m Запрос create > User(id=2, login=Логин2, email=test@qq2.ru, birthday=2000-12-28, name=Имя2) --> INSERT INTO FILMORATE_SHEMA.USERS (NAME_USER, BIRTHDAY, EMAIL, LOGIN) VALUES (?,CAST (? AS DATE),?,?)
&amp#27;[2m2023-06-02 05:41:36.023&amp#27;[0;39m &amp#27;[32m INFO&amp#27;[0;39m &amp#27;[35m3908&amp#27;[0;39m &amp#27;[2m---&amp#27;[0;39m &amp#27;[2m[           main]&amp#27;[0;39m &amp#27;[36mr.y.p.f.storage.film.FilmDbStorage      &amp#27;[0;39m &amp#27;[2m:&amp#27;[0;39m Запрос addLike > INSERT INTO FILMORATE_SHEMA.LIKES_SET (ID_FILM, ID_USER) VALUES (?, ?)
&amp#27;[2m2023-06-02 05:41:36.025&amp#27;[0;39m &amp#27;[32m INFO&amp#27;[0;39m &amp#27;[35m3908&amp#27;[0;39m &amp#27;[2m---&amp#27;[0;39m &amp#27;[2m[           main]&amp#27;[0;39m &amp#27;[36mr.y.p.f.storage.film.FilmDbStorage      &amp#27;[0;39m &amp#27;[2m:&amp#27;[0;39m Запрос getMaxPopular > SELECT * FROM FILMORATE_SHEMA.FILMS AS f LEFT JOIN FILMORATE_SHEMA.LIKES_SET AS ls ON f.ID_FILM = ls.ID_FILM GROUP BY f.ID_FILM ORDER BY COUNT(ls.ID_USER) desc LIMIT ?
&amp#27;[2m2023-06-02 05:41:36.028&amp#27;[0;39m &amp#27;[32m INFO&amp#27;[0;39m &amp#27;[35m3908&amp#27;[0;39m &amp#27;[2m---&amp#27;[0;39m &amp#27;[2m[           main]&amp#27;[0;39m &amp#27;[36mr.y.p.f.storage.film.FilmDbStorage      &amp#27;[0;39m &amp#27;[2m:&amp#27;[0;39m Запрос mapToFilm ResultSet > rs98: org.h2.result.LocalResult@428eb3d5 columns: 9 rows: 2 pos: 0
&amp#27;[2m2023-06-02 05:41:36.030&amp#27;[0;39m &amp#27;[32m INFO&amp#27;[0;39m &amp#27;[35m3908&amp#27;[0;39m &amp#27;[2m---&amp#27;[0;39m &amp#27;[2m[           main]&amp#27;[0;39m &amp#27;[36mr.y.p.f.storage.film.GenreDbStorage     &amp#27;[0;39m &amp#27;[2m:&amp#27;[0;39m Запрос mapToGenre ResultSet > rs99: org.h2.result.LocalResult@3fd5d679 columns: 4 rows: 1 pos: 0
&amp#27;[2m2023-06-02 05:41:36.031&amp#27;[0;39m &amp#27;[32m INFO&amp#27;[0;39m &amp#27;[35m3908&amp#27;[0;39m &amp#27;[2m---&amp#27;[0;39m &amp#27;[2m[           main]&amp#27;[0;39m &amp#27;[36mr.y.p.f.storage.film.GenreDbStorage     &amp#27;[0;39m &amp#27;[2m:&amp#27;[0;39m Запрос findGenreByIdFilm > SELECT * FROM FILMORATE_SHEMA.GENRE AS G JOIN FILMORATE_SHEMA.GENRE_SET AS GS ON G.ID=GS.ID WHERE GS.ID_FILM = ? -- [Genre(id=1, name=Комедия)] 
&amp#27;[2m2023-06-02 05:41:36.063&amp#27;[0;39m &amp#27;[32m INFO&amp#27;[0;39m &amp#27;[35m3908&amp#27;[0;39m &amp#27;[2m---&amp#27;[0;39m &amp#27;[2m[           main]&amp#27;[0;39m &amp#27;[36mr.y.p.f.storage.film.DirectorDBStorage  &amp#27;[0;39m &amp#27;[2m:&amp#27;[0;39m Запрос findGenreByIdFilm > SELECT * FROM FILMORATE_SHEMA.DIRECTOR_LIST AS DL JOIN FILMORATE_SHEMA.DIRECTOR AS D ON DL.ID_DIRECTOR = D.ID_DIRECTOR WHERE D.ID_FILM = ? -- [] 
&amp#27;[2m2023-06-02 05:41:36.064&amp#27;[0;39m &amp#27;[32m INFO&amp#27;[0;39m &amp#27;[35m3908&amp#27;[0;39m &amp#27;[2m---&amp#27;[0;39m &amp#27;[2m[           main]&amp#27;[0;39m &amp#27;[36mr.y.p.f.storage.film.FilmDbStorage      &amp#27;[0;39m &amp#27;[2m:&amp#27;[0;39m Запрос getLikes > SELECT ID_USER FROM FILMORATE_SHEMA.LIKES_SET WHERE ID_FILM = ?
&amp#27;[2m2023-06-02 05:41:36.067&amp#27;[0;39m &amp#27;[32m INFO&amp#27;[0;39m &amp#27;[35m3908&amp#27;[0;39m &amp#27;[2m---&amp#27;[0;39m &amp#27;[2m[           main]&amp#27;[0;39m &amp#27;[36mr.y.p.f.storage.film.FilmDbStorage      &amp#27;[0;39m &amp#27;[2m:&amp#27;[0;39m Запрос mapToFilm ResultSet > rs98: org.h2.result.LocalResult@428eb3d5 columns: 9 rows: 2 pos: 1
&amp#27;[2m2023-06-02 05:41:36.070&amp#27;[0;39m &amp#27;[32m INFO&amp#27;[0;39m &amp#27;[35m3908&amp#27;[0;39m &amp#27;[2m---&amp#27;[0;39m &amp#27;[2m[           main]&amp#27;[0;39m &amp#27;[36mr.y.p.f.storage.film.GenreDbStorage     &amp#27;[0;39m &amp#27;[2m:&amp#27;[0;39m Запрос mapToGenre ResultSet > rs102: org.h2.result.LocalResult@6dbbdf92 columns: 4 rows: 1 pos: 0
&amp#27;[2m2023-06-02 05:41:36.071&amp#27;[0;39m &amp#27;[32m INFO&amp#27;[0;39m &amp#27;[35m3908&amp#27;[0;39m &amp#27;[2m---&amp#27;[0;39m &amp#27;[2m[           main]&amp#27;[0;39m &amp#27;[36mr.y.p.f.storage.film.GenreDbStorage     &amp#27;[0;39m &amp#27;[2m:&amp#27;[0;39m Запрос findGenreByIdFilm > SELECT * FROM FILMORATE_SHEMA.GENRE AS G JOIN FILMORATE_SHEMA.GENRE_SET AS GS ON G.ID=GS.ID WHERE GS.ID_FILM = ? -- [Genre(id=1, name=Комедия)] 
&amp#27;[2m2023-06-02 05:41:36.072&amp#27;[0;39m &amp#27;[32m INFO&amp#27;[0;39m &amp#27;[35m3908&amp#27;[0;39m &amp#27;[2m---&amp#27;[0;39m &amp#27;[2m[           main]&amp#27;[0;39m &amp#27;[36mr.y.p.f.storage.film.DirectorDBStorage  &amp#27;[0;39m &amp#27;[2m:&amp#27;[0;39m Запрос findGenreByIdFilm > SELECT * FROM FILMORATE_SHEMA.DIRECTOR_LIST AS DL JOIN FILMORATE_SHEMA.DIRECTOR AS D ON DL.ID_DIRECTOR = D.ID_DIRECTOR WHERE D.ID_FILM = ? -- [] 
&amp#27;[2m2023-06-02 05:41:36.073&amp#27;[0;39m &amp#27;[32m INFO&amp#27;[0;39m &amp#27;[35m3908&amp#27;[0;39m &amp#27;[2m---&amp#27;[0;39m &amp#27;[2m[           main]&amp#27;[0;39m &amp#27;[36mr.y.p.f.storage.film.FilmDbStorage      &amp#27;[0;39m &amp#27;[2m:&amp#27;[0;39m Запрос getLikes > SELECT ID_USER FROM FILMORATE_SHEMA.LIKES_SET WHERE ID_FILM = ?
&amp#27;[2m2023-06-02 05:41:36.078&amp#27;[0;39m &amp#27;[32m INFO&amp#27;[0;39m &amp#27;[35m3908&amp#27;[0;39m &amp#27;[2m---&amp#27;[0;39m &amp#27;[2m[           main]&amp#27;[0;39m &amp#27;[36mr.y.p.f.storage.film.FilmDbStorage      &amp#27;[0;39m &amp#27;[2m:&amp#27;[0;39m Collection > [Film(id=2, name=Фильм2, description=Описание2, releaseDate=2000-12-28, duration=100, likes=[1], genres=[Genre(id=1, name=Комедия)], directors=[], mpa=Rating(id=1, name=), idD=0), Film(id=1, name=Фильм1, description=Описание1, releaseDate=1995-12-28, duration=50, likes=[], genres=[Genre(id=1, name=Комедия)], directors=[], mpa=Rating(id=1, name=), idD=0)]
]]></system-out>
  </testcase>
</testsuite>